Removed Pin From Net: NetName=VC3.3 Pin=I2S&I2C-1
Removed Pin From Net: NetName=GND Pin=I2S&I2C-2
Removed Pin From Net: NetName=B12 Pin=I2S&I2C-3
Removed Pin From Net: NetName=C6 Pin=I2S&I2C-4
Removed Pin From Net: NetName=B14 Pin=I2S&I2C-5
Removed Pin From Net: NetName=B13 Pin=I2S&I2C-6
Removed Pin From Net: NetName=A10 Pin=I2S&I2C-7
Removed Pin From Net: NetName=B15 Pin=I2S&I2C-8
Removed Pin From Net: NetName=B6 Pin=I2S&I2C-9
Removed Pin From Net: NetName=B7 Pin=I2S&I2C-10
Removed Pin From Net: NetName=B8 Pin=TB6612-1
Removed Pin From Net: NetName=VM Pin=TB6612-2
Removed Pin From Net: NetName=C13 Pin=TB6612-3
Removed Pin From Net: NetName=VC3.3 Pin=TB6612-4
Removed Pin From Net: NetName=!C13 Pin=TB6612-5
Removed Pin From Net: NetName=GND Pin=TB6612-6
Removed Pin From Net: NetName=VC3.3 Pin=TB6612-7
Removed Pin From Net: NetName=AO1 Pin=TB6612-8
Removed Pin From Net: NetName=!C5 Pin=TB6612-9
Removed Pin From Net: NetName=AO2 Pin=TB6612-10
Removed Pin From Net: NetName=C5 Pin=TB6612-11
Removed Pin From Net: NetName=BO1 Pin=TB6612-12
Removed Pin From Net: NetName=B9 Pin=TB6612-13
Removed Pin From Net: NetName=BO2 Pin=TB6612-14
Removed Member From Class: ClassName=cannonrobot Member=TB6612
Removed Member From Class: ClassName=cannonrobot Member=TB6612
Change Component Footprint: Designator=TB6612N Old Footprint=HDR2X12 New Footprint=SOJ-24
Added Pin To Net: NetName=GND Pin=I2S&I2C-1
Added Pin To Net: NetName=VC3.3 Pin=I2S&I2C-2
Added Pin To Net: NetName=C6 Pin=I2S&I2C-3
Added Pin To Net: NetName=B12 Pin=I2S&I2C-4
Added Pin To Net: NetName=B13 Pin=I2S&I2C-5
Added Pin To Net: NetName=B14 Pin=I2S&I2C-6
Added Pin To Net: NetName=B15 Pin=I2S&I2C-7
Added Pin To Net: NetName=A10 Pin=I2S&I2C-8
Added Pin To Net: NetName=B7 Pin=I2S&I2C-9
Added Pin To Net: NetName=B6 Pin=I2S&I2C-10
Added Room: Name=cannonrobot
