Added Component: Designator=TB6612(SSOP24 - duplicate)
Added Pin To Net: NetName=AO1 Pin=TB6612-1
Added Pin To Net: NetName=AO1 Pin=TB6612-2
Added Pin To Net: NetName=GND Pin=TB6612-3
Added Pin To Net: NetName=GND Pin=TB6612-4
Added Pin To Net: NetName=AO2 Pin=TB6612-5
Added Pin To Net: NetName=AO2 Pin=TB6612-6
Added Pin To Net: NetName=BO2 Pin=TB6612-7
Added Pin To Net: NetName=BO2 Pin=TB6612-8
Added Pin To Net: NetName=GND Pin=TB6612-9
Added Pin To Net: NetName=GND Pin=TB6612-10
Added Pin To Net: NetName=BO1 Pin=TB6612-11
Added Pin To Net: NetName=BO1 Pin=TB6612-12
Added Pin To Net: NetName=VM&STEER Pin=TB6612-13
Added Pin To Net: NetName=VM&STEER Pin=TB6612-14
Added Pin To Net: NetName=B9 Pin=TB6612-15
Added Pin To Net: NetName=C5 Pin=TB6612-16
Added Pin To Net: NetName=!C5 Pin=TB6612-17
Added Pin To Net: NetName=GND Pin=TB6612-18
Added Pin To Net: NetName=VC3.3 Pin=TB6612-19
Added Pin To Net: NetName=VC3.3 Pin=TB6612-20
Added Pin To Net: NetName=!C13 Pin=TB6612-21
Added Pin To Net: NetName=C13 Pin=TB6612-22
Added Pin To Net: NetName=B8 Pin=TB6612-23
Added Pin To Net: NetName=VM&STEER Pin=TB6612-24
Added Member To Class: ClassName=cannonrobot Member=Component TB6612 Component_1
Added Room: Name=cannonrobot
