Added Component: Designator=H1(PCBComponent_1)
Added Component: Designator=Motor1(J_JAT_A1250WV-S-06P)
Added Component: Designator=Motor2(J_JAT_A1250WV-S-06P)
Added Component: Designator=P1(HDR2X10)
Added Component: Designator=P2(HDR2X8)
Added Component: Designator=P3(HDR1X14)
Added Component: Designator=P4(HDR1X4)
Added Component: Designator=Power1(PCBComponent_1)
Added Component: Designator=Power2(PCBComponent_1)
Added Component: Designator=R1(RESC1608L)
Added Component: Designator=R2(RESC1608L)
Added Component: Designator=S1(DIP-4)
Added Component: Designator=SN74LVC2G04(PCBComponent_1)
Added Component: Designator=Steer1(HDR1X3)
Added Component: Designator=Steer2(HDR1X3)
Added Component: Designator=Steer3(HDR1X3)
Added Component: Designator=Steer4(HDR1X3)
Added Component: Designator=Steer5(HDR1X3)
Added Component: Designator=STLink(HDR1X4)
Added Component: Designator=SWmotor(PCBComponent_1)
Added Component: Designator=SWpower(PCBComponent_1)
Added Component: Designator=TB6612(PCBComponent_1)
Added Component: Designator=WM8978(HDR1X10)
Added Pin To Net: NetName=POWER Pin=H1-1
Added Pin To Net: NetName=GND Pin=H1-2
Added Pin To Net: NetName=AO1 Pin=Motor1-1
Added Pin To Net: NetName=VC5 Pin=Motor1-2
Added Pin To Net: NetName=A0 Pin=Motor1-3
Added Pin To Net: NetName=A1 Pin=Motor1-4
Added Pin To Net: NetName=GND Pin=Motor1-5
Added Pin To Net: NetName=AO2 Pin=Motor1-6
Added Pin To Net: NetName=BO1 Pin=Motor2-1
Added Pin To Net: NetName=VC5 Pin=Motor2-2
Added Pin To Net: NetName=A8 Pin=Motor2-3
Added Pin To Net: NetName=A9 Pin=Motor2-4
Added Pin To Net: NetName=GND Pin=Motor2-5
Added Pin To Net: NetName=BO2 Pin=Motor2-6
Added Pin To Net: NetName=C6 Pin=P1-3
Added Pin To Net: NetName=B6 Pin=P1-4
Added Pin To Net: NetName=B10 Pin=P1-5
Added Pin To Net: NetName=B7 Pin=P1-6
Added Pin To Net: NetName=C3 Pin=P1-7
Added Pin To Net: NetName=B9 Pin=P1-9
Added Pin To Net: NetName=A3 Pin=P1-15
Added Pin To Net: NetName=A10 Pin=P1-16
Added Pin To Net: NetName=A2 Pin=P1-17
Added Pin To Net: NetName=A9 Pin=P1-18
Added Pin To Net: NetName=C7 Pin=P2-1
Added Pin To Net: NetName=VC5 Pin=P2-2
Added Pin To Net: NetName=C5 Pin=P2-3
Added Pin To Net: NetName=B8 Pin=P2-5
Added Pin To Net: NetName=C13 Pin=P2-7
Added Pin To Net: NetName=B0 Pin=P2-9
Added Pin To Net: NetName=A8 Pin=P2-11
Added Pin To Net: NetName=A1 Pin=P2-13
Added Pin To Net: NetName=A0 Pin=P2-15
Added Pin To Net: NetName=B15 Pin=P3-10
Added Pin To Net: NetName=B14 Pin=P3-11
Added Pin To Net: NetName=B13 Pin=P3-12
Added Pin To Net: NetName=B12 Pin=P3-13
Added Pin To Net: NetName=VC3.3 Pin=P4-1
Added Pin To Net: NetName=SWCLK Pin=P4-2
Added Pin To Net: NetName=SWDIO Pin=P4-3
Added Pin To Net: NetName=GND Pin=P4-4
Added Pin To Net: NetName=VC11.1 Pin=Power1-1
Added Pin To Net: NetName=VC6 Pin=Power1-2
Added Pin To Net: NetName=GND Pin=Power1-3
Added Pin To Net: NetName=GND Pin=Power1-4
Added Pin To Net: NetName=VC11.1 Pin=Power2-1
Added Pin To Net: NetName=VC5 Pin=Power2-2
Added Pin To Net: NetName=GND Pin=Power2-3
Added Pin To Net: NetName=GND Pin=Power2-4
Added Pin To Net: NetName=GND Pin=R1-1
Added Pin To Net: NetName=C3 Pin=R1-2
Added Pin To Net: NetName=C3 Pin=R2-1
Added Pin To Net: NetName=VC11.1 Pin=R2-2
Added Pin To Net: NetName=A10 Pin=S1-1
Added Pin To Net: NetName=VC6 Pin=S1-2
Added Pin To Net: NetName=WMPOWER Pin=S1-3
Added Pin To Net: NetName=GND Pin=S1-4
Added Pin To Net: NetName=C13 Pin=SN74LVC2G04-1
Added Pin To Net: NetName=!C13 Pin=SN74LVC2G04-2
Added Pin To Net: NetName=GND Pin=SN74LVC2G04-3
Added Pin To Net: NetName=VC3.3 Pin=SN74LVC2G04-4
Added Pin To Net: NetName=C5 Pin=SN74LVC2G04-5
Added Pin To Net: NetName=!C5 Pin=SN74LVC2G04-6
Added Pin To Net: NetName=A3 Pin=Steer1-1
Added Pin To Net: NetName=VC6 Pin=Steer1-2
Added Pin To Net: NetName=GND Pin=Steer1-3
Added Pin To Net: NetName=A2 Pin=Steer2-1
Added Pin To Net: NetName=VC6 Pin=Steer2-2
Added Pin To Net: NetName=GND Pin=Steer2-3
Added Pin To Net: NetName=C7 Pin=Steer3-1
Added Pin To Net: NetName=VC6 Pin=Steer3-2
Added Pin To Net: NetName=GND Pin=Steer3-3
Added Pin To Net: NetName=B10 Pin=Steer4-1
Added Pin To Net: NetName=VC6 Pin=Steer4-2
Added Pin To Net: NetName=GND Pin=Steer4-3
Added Pin To Net: NetName=B0 Pin=Steer5-1
Added Pin To Net: NetName=VC3.3 Pin=STLink-1
Added Pin To Net: NetName=SWCLK Pin=STLink-2
Added Pin To Net: NetName=SWDIO Pin=STLink-3
Added Pin To Net: NetName=GND Pin=STLink-4
Added Pin To Net: NetName=POWER Pin=SWmotor-1
Added Pin To Net: NetName=VM Pin=SWmotor-2
Added Pin To Net: NetName=POWER Pin=SWpower-1
Added Pin To Net: NetName=VC11.1 Pin=SWpower-2
Added Pin To Net: NetName=B8 Pin=TB6612-1
Added Pin To Net: NetName=VM Pin=TB6612-2
Added Pin To Net: NetName=C13 Pin=TB6612-3
Added Pin To Net: NetName=VC3.3 Pin=TB6612-4
Added Pin To Net: NetName=!C13 Pin=TB6612-5
Added Pin To Net: NetName=GND Pin=TB6612-6
Added Pin To Net: NetName=VC3.3 Pin=TB6612-7
Added Pin To Net: NetName=AO1 Pin=TB6612-8
Added Pin To Net: NetName=!C5 Pin=TB6612-9
Added Pin To Net: NetName=AO2 Pin=TB6612-10
Added Pin To Net: NetName=C5 Pin=TB6612-11
Added Pin To Net: NetName=BO1 Pin=TB6612-12
Added Pin To Net: NetName=B9 Pin=TB6612-13
Added Pin To Net: NetName=BO2 Pin=TB6612-14
Added Pin To Net: NetName=WMPOWER Pin=WM8978-1
Added Pin To Net: NetName=VC3.3 Pin=WM8978-2
Added Pin To Net: NetName=GND Pin=WM8978-3
Added Pin To Net: NetName=B12 Pin=WM8978-4
Added Pin To Net: NetName=B13 Pin=WM8978-5
Added Pin To Net: NetName=B14 Pin=WM8978-6
Added Pin To Net: NetName=B15 Pin=WM8978-7
Added Pin To Net: NetName=C6 Pin=WM8978-8
Added Pin To Net: NetName=B6 Pin=WM8978-9
Added Pin To Net: NetName=B7 Pin=WM8978-10
Added Member To Class: ClassName=cannonrobot Member=Component H1 Header 2
Added Member To Class: ClassName=cannonrobot Member=Component Motor1 Header 8
Added Member To Class: ClassName=cannonrobot Member=Component Motor2 Header 8
Added Member To Class: ClassName=cannonrobot Member=Component P1 Header 10X2
Added Member To Class: ClassName=cannonrobot Member=Component P2 Header 8X2
Added Member To Class: ClassName=cannonrobot Member=Component P3 Header 14
Added Member To Class: ClassName=cannonrobot Member=Component P4 Header 4
Added Member To Class: ClassName=cannonrobot Member=Component Power1 Header 2X2
Added Member To Class: ClassName=cannonrobot Member=Component Power2 Header 2X2
Added Member To Class: ClassName=cannonrobot Member=Component R1 Res3
Added Member To Class: ClassName=cannonrobot Member=Component R2 Res3
Added Member To Class: ClassName=cannonrobot Member=Component S1 SW DIP-2
Added Member To Class: ClassName=cannonrobot Member=Component SN74LVC2G04 Header 3X2
Added Member To Class: ClassName=cannonrobot Member=Component Steer1 Header 3
Added Member To Class: ClassName=cannonrobot Member=Component Steer2 Header 3
Added Member To Class: ClassName=cannonrobot Member=Component Steer3 Header 3
Added Member To Class: ClassName=cannonrobot Member=Component Steer4 Header 3
Added Member To Class: ClassName=cannonrobot Member=Component Steer5 Header 3
Added Member To Class: ClassName=cannonrobot Member=Component STLink Header 4
Added Member To Class: ClassName=cannonrobot Member=Component SWmotor SW-SPST
Added Member To Class: ClassName=cannonrobot Member=Component SWpower SW-SPST
Added Member To Class: ClassName=cannonrobot Member=Component TB6612 Header 7X2
Added Member To Class: ClassName=cannonrobot Member=Component WM8978 Header 10
Added Room: Name=cannonrobot
