Removed Pin From Net: NetName=C6 Pin=P1-3
Removed Pin From Net: NetName=B6 Pin=P1-4
Removed Pin From Net: NetName=B10 Pin=P1-5
Removed Pin From Net: NetName=B7 Pin=P1-6
Removed Pin From Net: NetName=C3 Pin=P1-7
Removed Pin From Net: NetName=B9 Pin=P1-9
Removed Pin From Net: NetName=A3 Pin=P1-15
Removed Pin From Net: NetName=A10 Pin=P1-16
Removed Pin From Net: NetName=A2 Pin=P1-17
Removed Pin From Net: NetName=A9 Pin=P1-18
Removed Pin From Net: NetName=C7 Pin=P2-1
Removed Pin From Net: NetName=VC5 Pin=P2-2
Removed Pin From Net: NetName=C5 Pin=P2-3
Removed Pin From Net: NetName=B8 Pin=P2-5
Removed Pin From Net: NetName=C13 Pin=P2-7
Removed Pin From Net: NetName=B0 Pin=P2-9
Removed Pin From Net: NetName=A8 Pin=P2-11
Removed Pin From Net: NetName=A1 Pin=P2-13
Removed Pin From Net: NetName=A0 Pin=P2-15
Added Pin To Net: NetName=B6 Pin=P1-3
Added Pin To Net: NetName=C6 Pin=P1-4
Added Pin To Net: NetName=B7 Pin=P1-5
Added Pin To Net: NetName=B10 Pin=P1-6
Added Pin To Net: NetName=C3 Pin=P1-8
Added Pin To Net: NetName=B9 Pin=P1-10
Added Pin To Net: NetName=A10 Pin=P1-15
Added Pin To Net: NetName=A3 Pin=P1-16
Added Pin To Net: NetName=A9 Pin=P1-17
Added Pin To Net: NetName=A2 Pin=P1-18
Added Pin To Net: NetName=VC5 Pin=P2-1
Added Pin To Net: NetName=C7 Pin=P2-2
Added Pin To Net: NetName=C5 Pin=P2-4
Added Pin To Net: NetName=B8 Pin=P2-6
Added Pin To Net: NetName=C13 Pin=P2-8
Added Pin To Net: NetName=B0 Pin=P2-10
Added Pin To Net: NetName=A8 Pin=P2-12
Added Pin To Net: NetName=A1 Pin=P2-14
Added Pin To Net: NetName=A0 Pin=P2-16
Added Room: Name=cannonrobot
